[ 2016-07-12T19:26:16+08:00 ] ::1 /php_10/api/
INFO: [ app_init ] --START--
INFO: Run Behavior\BuildLiteBehavior [ RunTime:0.000014s ]
INFO: [ app_init ] --END-- [ RunTime:0.000617s ]
INFO: [ app_begin ] --START--
INFO: Run Behavior\ReadHtmlCacheBehavior [ RunTime:0.001347s ]
INFO: [ app_begin ] --END-- [ RunTime:0.001419s ]
ERR: 非法操作:index

[ 2016-07-12T20:00:54+08:00 ] ::1 /php_10/api/
INFO: [ app_init ] --START--
INFO: Run Behavior\BuildLiteBehavior [ RunTime:0.000013s ]
INFO: [ app_init ] --END-- [ RunTime:0.000391s ]
INFO: [ app_begin ] --START--
INFO: Run Behavior\ReadHtmlCacheBehavior [ RunTime:0.000654s ]
INFO: [ app_begin ] --END-- [ RunTime:0.000706s ]
ERR: 非法操作:index

[ 2016-07-12T20:01:10+08:00 ] ::1 /php_10/api/index.php?Index/login
INFO: [ app_init ] --START--
INFO: Run Behavior\BuildLiteBehavior [ RunTime:0.000027s ]
INFO: [ app_init ] --END-- [ RunTime:0.002494s ]
INFO: [ app_begin ] --START--
INFO: Run Behavior\ReadHtmlCacheBehavior [ RunTime:0.000660s ]
INFO: [ app_begin ] --END-- [ RunTime:0.000721s ]
ERR: 非法操作:index

[ 2016-07-12T20:01:36+08:00 ] ::1 /php_10/api/index.php?index/login
INFO: [ app_init ] --START--
INFO: Run Behavior\BuildLiteBehavior [ RunTime:0.000014s ]
INFO: [ app_init ] --END-- [ RunTime:0.000439s ]
INFO: [ app_begin ] --START--
INFO: Run Behavior\ReadHtmlCacheBehavior [ RunTime:0.000672s ]
INFO: [ app_begin ] --END-- [ RunTime:0.000727s ]
ERR: 非法操作:index

[ 2016-07-12T20:03:58+08:00 ] ::1 /php_10/api/index.php?Index/login
INFO: [ app_init ] --START--
INFO: Run Behavior\BuildLiteBehavior [ RunTime:0.000010s ]
INFO: [ app_init ] --END-- [ RunTime:0.000353s ]
INFO: [ app_begin ] --START--
INFO: Run Behavior\ReadHtmlCacheBehavior [ RunTime:0.001050s ]
INFO: [ app_begin ] --END-- [ RunTime:0.001107s ]
ERR: 非法操作:index

[ 2016-07-12T20:06:03+08:00 ] ::1 /php_10/api/index.php?Index/login
INFO: [ app_init ] --START--
INFO: Run Behavior\BuildLiteBehavior [ RunTime:0.000010s ]
INFO: [ app_init ] --END-- [ RunTime:0.000330s ]
INFO: [ app_begin ] --START--
INFO: Run Behavior\ReadHtmlCacheBehavior [ RunTime:0.000554s ]
INFO: [ app_begin ] --END-- [ RunTime:0.000611s ]
ERR: 非法操作:index

[ 2016-07-12T20:06:06+08:00 ] ::1 /php_10/api/index.php?Index/login
INFO: [ app_init ] --START--
INFO: Run Behavior\BuildLiteBehavior [ RunTime:0.000013s ]
INFO: [ app_init ] --END-- [ RunTime:0.000391s ]
INFO: [ app_begin ] --START--
INFO: Run Behavior\ReadHtmlCacheBehavior [ RunTime:0.000666s ]
INFO: [ app_begin ] --END-- [ RunTime:0.000723s ]
ERR: 非法操作:index

[ 2016-07-12T20:06:07+08:00 ] ::1 /php_10/api/index.php?Index/login
INFO: [ app_init ] --START--
INFO: Run Behavior\BuildLiteBehavior [ RunTime:0.000013s ]
INFO: [ app_init ] --END-- [ RunTime:0.000392s ]
INFO: [ app_begin ] --START--
INFO: Run Behavior\ReadHtmlCacheBehavior [ RunTime:0.000681s ]
INFO: [ app_begin ] --END-- [ RunTime:0.000734s ]
ERR: 非法操作:index

[ 2016-07-12T20:06:08+08:00 ] ::1 /php_10/api/index.php?Index/login
INFO: [ app_init ] --START--
INFO: Run Behavior\BuildLiteBehavior [ RunTime:0.000013s ]
INFO: [ app_init ] --END-- [ RunTime:0.000413s ]
INFO: [ app_begin ] --START--
INFO: Run Behavior\ReadHtmlCacheBehavior [ RunTime:0.001125s ]
INFO: [ app_begin ] --END-- [ RunTime:0.001220s ]
ERR: 非法操作:index

[ 2016-07-12T20:06:09+08:00 ] ::1 /php_10/api/index.php?Index/login
INFO: [ app_init ] --START--
INFO: Run Behavior\BuildLiteBehavior [ RunTime:0.000017s ]
INFO: [ app_init ] --END-- [ RunTime:0.000620s ]
INFO: [ app_begin ] --START--
INFO: Run Behavior\ReadHtmlCacheBehavior [ RunTime:0.000686s ]
INFO: [ app_begin ] --END-- [ RunTime:0.000748s ]
ERR: 非法操作:index

[ 2016-07-12T20:07:24+08:00 ] ::1 /php_10/api/index.php?Index/login
INFO: [ app_init ] --START--
INFO: Run Behavior\BuildLiteBehavior [ RunTime:0.000018s ]
INFO: [ app_init ] --END-- [ RunTime:0.000587s ]
INFO: [ app_begin ] --START--
INFO: Run Behavior\ReadHtmlCacheBehavior [ RunTime:0.000582s ]
INFO: [ app_begin ] --END-- [ RunTime:0.000629s ]
INFO: [ app_end ] --START--
INFO: Run Behavior\ShowPageTraceBehavior [ RunTime:0.000579s ]
INFO: [ app_end ] --END-- [ RunTime:0.000642s ]

[ 2016-07-12T20:07:36+08:00 ] ::1 /php_10/api/index.php?Index/login
INFO: [ app_init ] --START--
INFO: Run Behavior\BuildLiteBehavior [ RunTime:0.000020s ]
INFO: [ app_init ] --END-- [ RunTime:0.000594s ]
INFO: [ app_begin ] --START--
INFO: Run Behavior\ReadHtmlCacheBehavior [ RunTime:0.000699s ]
INFO: [ app_begin ] --END-- [ RunTime:0.000772s ]
ERR: 非法操作:index

[ 2016-07-12T20:08:11+08:00 ] ::1 /php_10/api/index.php?Index/login
INFO: [ app_init ] --START--
INFO: Run Behavior\BuildLiteBehavior [ RunTime:0.000010s ]
INFO: [ app_init ] --END-- [ RunTime:0.000320s ]
INFO: [ app_begin ] --START--
INFO: Run Behavior\ReadHtmlCacheBehavior [ RunTime:0.000569s ]
INFO: [ app_begin ] --END-- [ RunTime:0.000613s ]

[ 2016-07-12T20:22:17+08:00 ] 127.0.0.1 /
INFO: [ app_init ] --START--
INFO: Run Behavior\BuildLiteBehavior [ RunTime:0.000015s ]
INFO: [ app_init ] --END-- [ RunTime:0.000495s ]
INFO: [ app_begin ] --START--
INFO: Run Behavior\ReadHtmlCacheBehavior [ RunTime:0.000694s ]
INFO: [ app_begin ] --END-- [ RunTime:0.000769s ]

[ 2016-07-12T20:52:37+08:00 ] 127.0.0.1 /
INFO: [ app_init ] --START--
INFO: Run Behavior\BuildLiteBehavior [ RunTime:0.000011s ]
INFO: [ app_init ] --END-- [ RunTime:0.000334s ]
INFO: [ app_begin ] --START--
INFO: Run Behavior\ReadHtmlCacheBehavior [ RunTime:0.000419s ]
INFO: [ app_begin ] --END-- [ RunTime:0.000520s ]

[ 2016-07-12T20:53:03+08:00 ] 127.0.0.1 /?callback=jQuery21406696544747746919_1468327977985&user_name=[object%20Object]&user_password=[object%20Object]&_=1468327977986
INFO: [ app_init ] --START--
INFO: Run Behavior\BuildLiteBehavior [ RunTime:0.000010s ]
INFO: [ app_init ] --END-- [ RunTime:0.000291s ]
INFO: [ app_begin ] --START--
INFO: Run Behavior\ReadHtmlCacheBehavior [ RunTime:0.000447s ]
INFO: [ app_begin ] --END-- [ RunTime:0.000490s ]
SQL: SHOW COLUMNS FROM `al_personal` [ RunTime:0.0049s ]
ERR: 1064:You have an error in your SQL syntax; check the manual that corresponds to your MySQL server version for the right syntax to use near '[object Object] ) LIMIT 1' at line 1
 [ SQL语句 ] : SELECT * FROM `al_personal` WHERE ( p_email=[object Object] ) LIMIT 1  
ERR: 1064:You have an error in your SQL syntax; check the manual that corresponds to your MySQL server version for the right syntax to use near '[object Object] ) LIMIT 1' at line 1
 [ SQL语句 ] : SELECT * FROM `al_personal` WHERE ( p_email=[object Object] ) LIMIT 1  

[ 2016-07-12T20:56:28+08:00 ] 127.0.0.1 /
INFO: [ app_init ] --START--
INFO: Run Behavior\BuildLiteBehavior [ RunTime:0.000013s ]
INFO: [ app_init ] --END-- [ RunTime:0.000346s ]
INFO: [ app_begin ] --START--
INFO: Run Behavior\ReadHtmlCacheBehavior [ RunTime:0.000528s ]
INFO: [ app_begin ] --END-- [ RunTime:0.000579s ]

[ 2016-07-12T20:56:56+08:00 ] 127.0.0.1 /index.php?index/index
INFO: [ app_init ] --START--
INFO: Run Behavior\BuildLiteBehavior [ RunTime:0.000011s ]
INFO: [ app_init ] --END-- [ RunTime:0.000311s ]
INFO: [ app_begin ] --START--
INFO: Run Behavior\ReadHtmlCacheBehavior [ RunTime:0.000411s ]
INFO: [ app_begin ] --END-- [ RunTime:0.000480s ]

[ 2016-07-12T20:57:01+08:00 ] 127.0.0.1 /index.php?Index/index
INFO: [ app_init ] --START--
INFO: Run Behavior\BuildLiteBehavior [ RunTime:0.000012s ]
INFO: [ app_init ] --END-- [ RunTime:0.000297s ]
INFO: [ app_begin ] --START--
INFO: Run Behavior\ReadHtmlCacheBehavior [ RunTime:0.000393s ]
INFO: [ app_begin ] --END-- [ RunTime:0.000434s ]

[ 2016-07-12T20:57:25+08:00 ] 127.0.0.1 /index.php?Index/index&callback=jQuery21405363153126909447_1468328240520&user_name=[object%20Object]&user_password=[object%20Object]&_=1468328240521
INFO: [ app_init ] --START--
INFO: Run Behavior\BuildLiteBehavior [ RunTime:0.000011s ]
INFO: [ app_init ] --END-- [ RunTime:0.000264s ]
INFO: [ app_begin ] --START--
INFO: Run Behavior\ReadHtmlCacheBehavior [ RunTime:0.000329s ]
INFO: [ app_begin ] --END-- [ RunTime:0.000371s ]
SQL: SHOW COLUMNS FROM `al_personal` [ RunTime:0.0041s ]
ERR: 1064:You have an error in your SQL syntax; check the manual that corresponds to your MySQL server version for the right syntax to use near '[object Object] ) LIMIT 1' at line 1
 [ SQL语句 ] : SELECT * FROM `al_personal` WHERE ( p_email=[object Object] ) LIMIT 1  
ERR: 1064:You have an error in your SQL syntax; check the manual that corresponds to your MySQL server version for the right syntax to use near '[object Object] ) LIMIT 1' at line 1
 [ SQL语句 ] : SELECT * FROM `al_personal` WHERE ( p_email=[object Object] ) LIMIT 1  

[ 2016-07-12T20:58:07+08:00 ] 127.0.0.1 /?callback=jQuery214020233355474196624_1468328282929&user_name=[object%20Object]&user_password=[object%20Object]&_=1468328282930
INFO: [ app_init ] --START--
INFO: Run Behavior\BuildLiteBehavior [ RunTime:0.000011s ]
INFO: [ app_init ] --END-- [ RunTime:0.000322s ]
INFO: [ app_begin ] --START--
INFO: Run Behavior\ReadHtmlCacheBehavior [ RunTime:0.000430s ]
INFO: [ app_begin ] --END-- [ RunTime:0.000487s ]
SQL: SHOW COLUMNS FROM `al_personal` [ RunTime:0.0037s ]
ERR: 1064:You have an error in your SQL syntax; check the manual that corresponds to your MySQL server version for the right syntax to use near '[object Object] ) LIMIT 1' at line 1
 [ SQL语句 ] : SELECT * FROM `al_personal` WHERE ( p_email=[object Object] ) LIMIT 1  
ERR: 1064:You have an error in your SQL syntax; check the manual that corresponds to your MySQL server version for the right syntax to use near '[object Object] ) LIMIT 1' at line 1
 [ SQL语句 ] : SELECT * FROM `al_personal` WHERE ( p_email=[object Object] ) LIMIT 1  

[ 2016-07-12T21:06:39+08:00 ] 127.0.0.1 /?callback=jQuery21400872303132365726_1468328794466&user_name=[object%20Object]&user_password=[object%20Object]&_=1468328794467
INFO: [ app_init ] --START--
INFO: Run Behavior\BuildLiteBehavior [ RunTime:0.000018s ]
INFO: [ app_init ] --END-- [ RunTime:0.000423s ]
INFO: [ app_begin ] --START--
INFO: Run Behavior\ReadHtmlCacheBehavior [ RunTime:0.000553s ]
INFO: [ app_begin ] --END-- [ RunTime:0.000631s ]
SQL: SHOW COLUMNS FROM `al_personal` [ RunTime:0.0044s ]
ERR: 1064:You have an error in your SQL syntax; check the manual that corresponds to your MySQL server version for the right syntax to use near '[object Object] ) LIMIT 1' at line 1
 [ SQL语句 ] : SELECT * FROM `al_personal` WHERE ( p_email=[object Object] ) LIMIT 1  
ERR: 1064:You have an error in your SQL syntax; check the manual that corresponds to your MySQL server version for the right syntax to use near '[object Object] ) LIMIT 1' at line 1
 [ SQL语句 ] : SELECT * FROM `al_personal` WHERE ( p_email=[object Object] ) LIMIT 1  

[ 2016-07-12T21:07:08+08:00 ] 127.0.0.1 /index.php?index/index&callback=jQuery21409209514291149467_1468328823961&user_name=[object%20Object]&user_password=[object%20Object]&_=1468328823962
INFO: [ app_init ] --START--
INFO: Run Behavior\BuildLiteBehavior [ RunTime:0.000011s ]
INFO: [ app_init ] --END-- [ RunTime:0.000312s ]
INFO: [ app_begin ] --START--
INFO: Run Behavior\ReadHtmlCacheBehavior [ RunTime:0.000673s ]
INFO: [ app_begin ] --END-- [ RunTime:0.000755s ]
SQL: SHOW COLUMNS FROM `al_personal` [ RunTime:0.0057s ]
ERR: 1064:You have an error in your SQL syntax; check the manual that corresponds to your MySQL server version for the right syntax to use near '[object Object] ) LIMIT 1' at line 1
 [ SQL语句 ] : SELECT * FROM `al_personal` WHERE ( p_email=[object Object] ) LIMIT 1  
ERR: 1064:You have an error in your SQL syntax; check the manual that corresponds to your MySQL server version for the right syntax to use near '[object Object] ) LIMIT 1' at line 1
 [ SQL语句 ] : SELECT * FROM `al_personal` WHERE ( p_email=[object Object] ) LIMIT 1  

[ 2016-07-12T21:07:34+08:00 ] 127.0.0.1 /index.php?index/index&callback=jQuery21409209514291149467_1468328823961&user_name=[object%20Object]&user_password=[object%20Object]&_=1468328823962%22
INFO: [ app_init ] --START--
INFO: Run Behavior\BuildLiteBehavior [ RunTime:0.000017s ]
INFO: [ app_init ] --END-- [ RunTime:0.000448s ]
INFO: [ app_begin ] --START--
INFO: Run Behavior\ReadHtmlCacheBehavior [ RunTime:0.000386s ]
INFO: [ app_begin ] --END-- [ RunTime:0.000435s ]
SQL: SHOW COLUMNS FROM `al_personal` [ RunTime:0.0049s ]
ERR: 1064:You have an error in your SQL syntax; check the manual that corresponds to your MySQL server version for the right syntax to use near '[object Object] ) LIMIT 1' at line 1
 [ SQL语句 ] : SELECT * FROM `al_personal` WHERE ( p_email=[object Object] ) LIMIT 1  
ERR: 1064:You have an error in your SQL syntax; check the manual that corresponds to your MySQL server version for the right syntax to use near '[object Object] ) LIMIT 1' at line 1
 [ SQL语句 ] : SELECT * FROM `al_personal` WHERE ( p_email=[object Object] ) LIMIT 1  

[ 2016-07-12T21:08:15+08:00 ] 127.0.0.1 /index.php?index/index&callback=jQuery21404230546417097786_1468328890437&user_name=zhangsan&user_password=2312231&_=1468328890438
INFO: [ app_init ] --START--
INFO: Run Behavior\BuildLiteBehavior [ RunTime:0.000011s ]
INFO: [ app_init ] --END-- [ RunTime:0.000261s ]
INFO: [ app_begin ] --START--
INFO: Run Behavior\ReadHtmlCacheBehavior [ RunTime:0.000330s ]
INFO: [ app_begin ] --END-- [ RunTime:0.000372s ]
SQL: SHOW COLUMNS FROM `al_personal` [ RunTime:0.0038s ]
ERR: 1054:Unknown column 'zhangsan' in 'where clause'
 [ SQL语句 ] : SELECT * FROM `al_personal` WHERE ( p_email=zhangsan ) LIMIT 1  
ERR: 1054:Unknown column 'zhangsan' in 'where clause'
 [ SQL语句 ] : SELECT * FROM `al_personal` WHERE ( p_email=zhangsan ) LIMIT 1  

[ 2016-07-12T21:08:27+08:00 ] 127.0.0.1 /index.php?index/index&callback=jQuery21404230546417097786_1468328890437&user_name=zhangsan&user_password=2312231&_=1468328890438%22
INFO: [ app_init ] --START--
INFO: Run Behavior\BuildLiteBehavior [ RunTime:0.000010s ]
INFO: [ app_init ] --END-- [ RunTime:0.000256s ]
INFO: [ app_begin ] --START--
INFO: Run Behavior\ReadHtmlCacheBehavior [ RunTime:0.000356s ]
INFO: [ app_begin ] --END-- [ RunTime:0.000397s ]
SQL: SHOW COLUMNS FROM `al_personal` [ RunTime:0.0049s ]
ERR: 1054:Unknown column 'zhangsan' in 'where clause'
 [ SQL语句 ] : SELECT * FROM `al_personal` WHERE ( p_email=zhangsan ) LIMIT 1  
ERR: 1054:Unknown column 'zhangsan' in 'where clause'
 [ SQL语句 ] : SELECT * FROM `al_personal` WHERE ( p_email=zhangsan ) LIMIT 1  

[ 2016-07-12T21:09:45+08:00 ] 127.0.0.1 /index.php?index/index&callback=jQuery21404230546417097786_1468328890437&user_name=zhangsan&user_password=2312231&_=1468328890438%22
INFO: [ app_init ] --START--
INFO: Run Behavior\BuildLiteBehavior [ RunTime:0.000012s ]
INFO: [ app_init ] --END-- [ RunTime:0.000332s ]
INFO: [ app_begin ] --START--
INFO: Run Behavior\ReadHtmlCacheBehavior [ RunTime:0.000466s ]
INFO: [ app_begin ] --END-- [ RunTime:0.000516s ]
SQL: SHOW COLUMNS FROM `al_personal` [ RunTime:0.0038s ]
SQL: SELECT * FROM `al_personal` WHERE ( p_email='zhangsan' ) LIMIT 1   [ RunTime:0.0003s ]

[ 2016-07-12T21:10:26+08:00 ] 127.0.0.1 /index.php?index/index&callback=jQuery214035645484307425956_1468329022640&user_name=zhangsan&user_password=232423&_=1468329022641
INFO: [ app_init ] --START--
INFO: Run Behavior\BuildLiteBehavior [ RunTime:0.000010s ]
INFO: [ app_init ] --END-- [ RunTime:0.000298s ]
INFO: [ app_begin ] --START--
INFO: Run Behavior\ReadHtmlCacheBehavior [ RunTime:0.000418s ]
INFO: [ app_begin ] --END-- [ RunTime:0.000460s ]
SQL: SHOW COLUMNS FROM `al_personal` [ RunTime:0.0043s ]
SQL: SELECT * FROM `al_personal` WHERE ( p_email='zhangsan' ) LIMIT 1   [ RunTime:0.0004s ]

[ 2016-07-12T21:15:20+08:00 ] 127.0.0.1 /index.php?index/index&callback=jQuery21405746690566693168_1468329315436&user_name=zhangsan&user_password=34234&_=1468329315437
INFO: [ app_init ] --START--
INFO: Run Behavior\BuildLiteBehavior [ RunTime:0.000011s ]
INFO: [ app_init ] --END-- [ RunTime:0.000338s ]
INFO: [ app_begin ] --START--
INFO: Run Behavior\ReadHtmlCacheBehavior [ RunTime:0.000435s ]
INFO: [ app_begin ] --END-- [ RunTime:0.000489s ]
SQL: SHOW COLUMNS FROM `al_personal` [ RunTime:0.0045s ]
SQL: SELECT * FROM `al_personal` WHERE ( p_email='zhangsan' ) LIMIT 1   [ RunTime:0.0003s ]

[ 2016-07-12T21:16:25+08:00 ] 127.0.0.1 /index.php?index/index&callback=jQuery21405746690566693168_1468329315436&user_name=zhangsan&user_password=34234&_=1468329315438
INFO: [ app_init ] --START--
INFO: Run Behavior\BuildLiteBehavior [ RunTime:0.000011s ]
INFO: [ app_init ] --END-- [ RunTime:0.000260s ]
INFO: [ app_begin ] --START--
INFO: Run Behavior\ReadHtmlCacheBehavior [ RunTime:0.000381s ]
INFO: [ app_begin ] --END-- [ RunTime:0.000442s ]
SQL: SHOW COLUMNS FROM `al_personal` [ RunTime:0.0347s ]
SQL: SELECT * FROM `al_personal` WHERE ( p_email='zhangsan' ) LIMIT 1   [ RunTime:0.0003s ]

[ 2016-07-12T21:17:06+08:00 ] 127.0.0.1 /index.php?index/index&callback=jQuery21406358091804437279_1468329422969&user_name=zhangsan&user_password=221312&_=1468329422970
INFO: [ app_init ] --START--
INFO: Run Behavior\BuildLiteBehavior [ RunTime:0.000011s ]
INFO: [ app_init ] --END-- [ RunTime:0.000305s ]
INFO: [ app_begin ] --START--
INFO: Run Behavior\ReadHtmlCacheBehavior [ RunTime:0.000664s ]
INFO: [ app_begin ] --END-- [ RunTime:0.000741s ]
SQL: SHOW COLUMNS FROM `al_personal` [ RunTime:0.0041s ]
SQL: SELECT * FROM `al_personal` WHERE ( p_email='zhangsan' ) LIMIT 1   [ RunTime:0.0003s ]

[ 2016-07-12T21:23:54+08:00 ] 127.0.0.1 /index.php?index/index&callback=jQuery21409938290774328875_1468329828759&user_name=2528582049@qq.com&user_password=123456&_=1468329828760
INFO: [ app_init ] --START--
INFO: Run Behavior\BuildLiteBehavior [ RunTime:0.000014s ]
INFO: [ app_init ] --END-- [ RunTime:0.000404s ]
INFO: [ app_begin ] --START--
INFO: Run Behavior\ReadHtmlCacheBehavior [ RunTime:0.000515s ]
INFO: [ app_begin ] --END-- [ RunTime:0.000568s ]
SQL: SHOW COLUMNS FROM `al_personal` [ RunTime:0.0038s ]
SQL: SELECT * FROM `al_personal` WHERE ( p_email='2528582049@qq.com' ) LIMIT 1   [ RunTime:0.0004s ]

[ 2016-07-12T21:24:26+08:00 ] 127.0.0.1 /index.php?index/index&callback=jQuery214011932183094010829_1468329858761&user_name=2528582049@qq.com&user_password=123456&_=1468329858762
INFO: [ app_init ] --START--
INFO: Run Behavior\BuildLiteBehavior [ RunTime:0.000010s ]
INFO: [ app_init ] --END-- [ RunTime:0.000282s ]
INFO: [ app_begin ] --START--
INFO: Run Behavior\ReadHtmlCacheBehavior [ RunTime:0.000328s ]
INFO: [ app_begin ] --END-- [ RunTime:0.000370s ]
SQL: SHOW COLUMNS FROM `al_personal` [ RunTime:0.0035s ]
SQL: SELECT * FROM `al_personal` WHERE ( p_email='2528582049@qq.com' ) LIMIT 1   [ RunTime:0.0003s ]

[ 2016-07-12T21:25:29+08:00 ] 127.0.0.1 /index.php?index/index&callback=jQuery21407021012030281946_1468329923757&user_name=2528582049@qq.com&user_password=123456&_=1468329923758
INFO: [ app_init ] --START--
INFO: Run Behavior\BuildLiteBehavior [ RunTime:0.000010s ]
INFO: [ app_init ] --END-- [ RunTime:0.000298s ]
INFO: [ app_begin ] --START--
INFO: Run Behavior\ReadHtmlCacheBehavior [ RunTime:0.000328s ]
INFO: [ app_begin ] --END-- [ RunTime:0.000369s ]
SQL: SHOW COLUMNS FROM `al_personal` [ RunTime:0.0036s ]
SQL: SELECT * FROM `al_personal` WHERE ( p_email='2528582049@qq.com' ) LIMIT 1   [ RunTime:0.0003s ]

[ 2016-07-12T21:26:06+08:00 ] 127.0.0.1 /index.php?index/index&callback=jQuery21404668201263378745_1468329963544&user_name=2528582049@qq.com&user_password=&_=1468329963545
INFO: [ app_init ] --START--
INFO: Run Behavior\BuildLiteBehavior [ RunTime:0.000013s ]
INFO: [ app_init ] --END-- [ RunTime:0.000402s ]
INFO: [ app_begin ] --START--
INFO: Run Behavior\ReadHtmlCacheBehavior [ RunTime:0.000479s ]
INFO: [ app_begin ] --END-- [ RunTime:0.000530s ]

[ 2016-07-12T21:26:09+08:00 ] 127.0.0.1 /index.php?index/index&callback=jQuery21404668201263378745_1468329963544&user_name=2528582049@qq.com&user_password=123456&_=1468329963546
INFO: [ app_init ] --START--
INFO: Run Behavior\BuildLiteBehavior [ RunTime:0.000012s ]
INFO: [ app_init ] --END-- [ RunTime:0.000294s ]
INFO: [ app_begin ] --START--
INFO: Run Behavior\ReadHtmlCacheBehavior [ RunTime:0.000375s ]
INFO: [ app_begin ] --END-- [ RunTime:0.000423s ]
SQL: SHOW COLUMNS FROM `al_personal` [ RunTime:0.0036s ]
SQL: SELECT * FROM `al_personal` WHERE ( p_email='2528582049@qq.com' ) LIMIT 1   [ RunTime:0.0004s ]

[ 2016-07-12T21:27:10+08:00 ] 127.0.0.1 /index.php?index/index&callback=jQuery21403173242999695498_1468330022189&user_name=2528582049@qq.com&user_password=123456&_=1468330022190
INFO: [ app_init ] --START--
INFO: Run Behavior\BuildLiteBehavior [ RunTime:0.000011s ]
INFO: [ app_init ] --END-- [ RunTime:0.000263s ]
INFO: [ app_begin ] --START--
INFO: Run Behavior\ReadHtmlCacheBehavior [ RunTime:0.000448s ]
INFO: [ app_begin ] --END-- [ RunTime:0.000503s ]
SQL: SHOW COLUMNS FROM `al_personal` [ RunTime:0.0106s ]
SQL: SELECT * FROM `al_personal` WHERE ( p_email='2528582049@qq.com' ) LIMIT 1   [ RunTime:0.0004s ]

[ 2016-07-12T21:28:19+08:00 ] 127.0.0.1 /index.php?index/index&callback=jQuery21408043085595208054_1468330093043&user_name=2528582049@qq.com&user_password=123456&_=1468330093044
INFO: [ app_init ] --START--
INFO: Run Behavior\BuildLiteBehavior [ RunTime:0.000011s ]
INFO: [ app_init ] --END-- [ RunTime:0.000292s ]
INFO: [ app_begin ] --START--
INFO: Run Behavior\ReadHtmlCacheBehavior [ RunTime:0.000436s ]
INFO: [ app_begin ] --END-- [ RunTime:0.000477s ]
SQL: SHOW COLUMNS FROM `al_personal` [ RunTime:0.0034s ]
SQL: SELECT * FROM `al_personal` WHERE ( p_email='2528582049@qq.com' ) LIMIT 1   [ RunTime:0.0004s ]

[ 2016-07-12T21:29:10+08:00 ] 127.0.0.1 /index.php?index/index&callback=jQuery2140648712106983765_1468330144879&user_name=2528582049@qq.com&user_password=123456&_=1468330144880
INFO: [ app_init ] --START--
INFO: Run Behavior\BuildLiteBehavior [ RunTime:0.000010s ]
INFO: [ app_init ] --END-- [ RunTime:0.000272s ]
INFO: [ app_begin ] --START--
INFO: Run Behavior\ReadHtmlCacheBehavior [ RunTime:0.000441s ]
INFO: [ app_begin ] --END-- [ RunTime:0.000498s ]
SQL: SHOW COLUMNS FROM `al_personal` [ RunTime:0.0032s ]
SQL: SELECT * FROM `al_personal` WHERE ( p_email='2528582049@qq.com' ) LIMIT 1   [ RunTime:0.0005s ]

[ 2016-07-12T21:30:22+08:00 ] 127.0.0.1 /index.php?index/index&callback=jQuery2140022719438544993475_1468330216733&user_name=2528582049@qq.com&user_password=123456&_=1468330216734
INFO: [ app_init ] --START--
INFO: Run Behavior\BuildLiteBehavior [ RunTime:0.000011s ]
INFO: [ app_init ] --END-- [ RunTime:0.000301s ]
INFO: [ app_begin ] --START--
INFO: Run Behavior\ReadHtmlCacheBehavior [ RunTime:0.000452s ]
INFO: [ app_begin ] --END-- [ RunTime:0.000498s ]
SQL: SHOW COLUMNS FROM `al_personal` [ RunTime:0.0034s ]
SQL: SELECT * FROM `al_personal` WHERE ( p_email='2528582049@qq.com' ) LIMIT 1   [ RunTime:0.0004s ]

[ 2016-07-12T21:31:16+08:00 ] 127.0.0.1 /index.php?index/index&callback=jQuery21408272248175786223_1468330267488&user_name=2528582049@qq.com&user_password=123456&_=1468330267489
INFO: [ app_init ] --START--
INFO: Run Behavior\BuildLiteBehavior [ RunTime:0.000011s ]
INFO: [ app_init ] --END-- [ RunTime:0.000298s ]
INFO: [ app_begin ] --START--
INFO: Run Behavior\ReadHtmlCacheBehavior [ RunTime:0.000332s ]
INFO: [ app_begin ] --END-- [ RunTime:0.000373s ]
SQL: SHOW COLUMNS FROM `al_personal` [ RunTime:0.0037s ]
SQL: SELECT * FROM `al_personal` WHERE ( p_email='2528582049@qq.com' ) LIMIT 1   [ RunTime:0.0003s ]

[ 2016-07-12T21:32:01+08:00 ] 127.0.0.1 /index.php?index/index&callback=jQuery21405817139975304262_1468330316593&user_name=2528582049@qq.com&user_password=123456&_=1468330316594
INFO: [ app_init ] --START--
INFO: Run Behavior\BuildLiteBehavior [ RunTime:0.000010s ]
INFO: [ app_init ] --END-- [ RunTime:0.000299s ]
INFO: [ app_begin ] --START--
INFO: Run Behavior\ReadHtmlCacheBehavior [ RunTime:0.000431s ]
INFO: [ app_begin ] --END-- [ RunTime:0.000482s ]
SQL: SHOW COLUMNS FROM `al_personal` [ RunTime:0.0060s ]
SQL: SELECT * FROM `al_personal` WHERE ( p_email='2528582049@qq.com' ) LIMIT 1   [ RunTime:0.0004s ]

[ 2016-07-12T21:32:46+08:00 ] 127.0.0.1 /index.php?index/index&callback=jQuery21404900008477549246_1468330360305&user_name=2528582049@qq.com&user_password=123456&_=1468330360306
INFO: [ app_init ] --START--
INFO: Run Behavior\BuildLiteBehavior [ RunTime:0.000013s ]
INFO: [ app_init ] --END-- [ RunTime:0.000371s ]
INFO: [ app_begin ] --START--
INFO: Run Behavior\ReadHtmlCacheBehavior [ RunTime:0.000485s ]
INFO: [ app_begin ] --END-- [ RunTime:0.000544s ]
SQL: SHOW COLUMNS FROM `al_personal` [ RunTime:0.0034s ]
SQL: SELECT * FROM `al_personal` WHERE ( p_email='2528582049@qq.com' ) LIMIT 1   [ RunTime:0.0003s ]

[ 2016-07-12T21:38:35+08:00 ] 127.0.0.1 /index.php?index/index&callback=jQuery21406908129322374836_1468330707920&user_name=2528582049@qq.com&user_password=123456&_=1468330707921
INFO: [ app_init ] --START--
INFO: Run Behavior\BuildLiteBehavior [ RunTime:0.000012s ]
INFO: [ app_init ] --END-- [ RunTime:0.000367s ]
INFO: [ app_begin ] --START--
INFO: Run Behavior\ReadHtmlCacheBehavior [ RunTime:0.000705s ]
INFO: [ app_begin ] --END-- [ RunTime:0.000767s ]
SQL: SHOW COLUMNS FROM `al_personal` [ RunTime:0.0043s ]
SQL: SELECT * FROM `al_personal` WHERE ( p_email='2528582049@qq.com' ) LIMIT 1   [ RunTime:0.0004s ]

[ 2016-07-12T21:39:22+08:00 ] 127.0.0.1 /index.php?index/index&callback=jQuery21402349692252099218_1468330756988&user_name=2528582049@qq.com&user_password=123456&_=1468330756989
INFO: [ app_init ] --START--
INFO: Run Behavior\BuildLiteBehavior [ RunTime:0.000011s ]
INFO: [ app_init ] --END-- [ RunTime:0.000265s ]
INFO: [ app_begin ] --START--
INFO: Run Behavior\ReadHtmlCacheBehavior [ RunTime:0.000329s ]
INFO: [ app_begin ] --END-- [ RunTime:0.000369s ]
SQL: SHOW COLUMNS FROM `al_personal` [ RunTime:0.0036s ]
SQL: SELECT * FROM `al_personal` WHERE ( p_email='2528582049@qq.com' ) LIMIT 1   [ RunTime:0.0004s ]

[ 2016-07-12T21:43:48+08:00 ] 127.0.0.1 /index.php?index/index&callback=jQuery21406552583547958144_1468331022491&user_name=2528582049@qq.com&user_password=123456&_=1468331022492
INFO: [ app_init ] --START--
INFO: Run Behavior\BuildLiteBehavior [ RunTime:0.000012s ]
INFO: [ app_init ] --END-- [ RunTime:0.000309s ]
INFO: [ app_begin ] --START--
INFO: Run Behavior\ReadHtmlCacheBehavior [ RunTime:0.000432s ]
INFO: [ app_begin ] --END-- [ RunTime:0.000474s ]
SQL: SHOW COLUMNS FROM `al_personal` [ RunTime:0.0034s ]
SQL: SELECT * FROM `al_personal` WHERE ( p_email='2528582049@qq.com' ) LIMIT 1   [ RunTime:0.0003s ]

