[ 2016-07-14T08:03:47+08:00 ] 127.0.0.1 /index.php?index/index
INFO: [ app_init ] --START--
INFO: Run Behavior\BuildLiteBehavior [ RunTime:0.000040s ]
INFO: [ app_init ] --END-- [ RunTime:0.002021s ]
INFO: [ app_begin ] --START--
INFO: Run Behavior\ReadHtmlCacheBehavior [ RunTime:0.017654s ]
INFO: [ app_begin ] --END-- [ RunTime:0.017830s ]
SQL: SHOW COLUMNS FROM `al_personal` [ RunTime:0.0111s ]
SQL: SELECT * FROM `al_personal` WHERE ( p_email='2528582049@qq.com' ) LIMIT 1   [ RunTime:0.0010s ]

[ 2016-07-14T08:04:43+08:00 ] 127.0.0.1 /index.php?index/index
INFO: [ app_init ] --START--
INFO: Run Behavior\BuildLiteBehavior [ RunTime:0.000012s ]
INFO: [ app_init ] --END-- [ RunTime:0.000352s ]
INFO: [ app_begin ] --START--
INFO: Run Behavior\ReadHtmlCacheBehavior [ RunTime:0.000662s ]
INFO: [ app_begin ] --END-- [ RunTime:0.000717s ]
SQL: SHOW COLUMNS FROM `al_personal` [ RunTime:0.0037s ]
SQL: SELECT * FROM `al_personal` WHERE ( p_email='2528582049@qq.com' ) LIMIT 1   [ RunTime:0.0003s ]

[ 2016-07-14T08:05:50+08:00 ] 127.0.0.1 /index.php?index/index
INFO: [ app_init ] --START--
INFO: Run Behavior\BuildLiteBehavior [ RunTime:0.000011s ]
INFO: [ app_init ] --END-- [ RunTime:0.000368s ]
INFO: [ app_begin ] --START--
INFO: Run Behavior\ReadHtmlCacheBehavior [ RunTime:0.000806s ]
INFO: [ app_begin ] --END-- [ RunTime:0.000861s ]
SQL: SHOW COLUMNS FROM `al_personal` [ RunTime:0.0038s ]
SQL: SELECT * FROM `al_personal` WHERE ( p_email='2528582049@qq.com' ) LIMIT 1   [ RunTime:0.0003s ]

[ 2016-07-14T14:53:52+08:00 ] 127.0.0.1 /
INFO: [ app_init ] --START--
INFO: Run Behavior\BuildLiteBehavior [ RunTime:0.000024s ]
INFO: [ app_init ] --END-- [ RunTime:0.001137s ]
INFO: [ app_begin ] --START--
INFO: Run Behavior\ReadHtmlCacheBehavior [ RunTime:0.018226s ]
INFO: [ app_begin ] --END-- [ RunTime:0.018316s ]

[ 2016-07-14T14:54:32+08:00 ] 127.0.0.1 /index.php?Login/index
INFO: [ app_init ] --START--
INFO: Run Behavior\BuildLiteBehavior [ RunTime:0.000021s ]
INFO: [ app_init ] --END-- [ RunTime:0.000634s ]
INFO: [ app_begin ] --START--
INFO: Run Behavior\ReadHtmlCacheBehavior [ RunTime:0.002524s ]
INFO: [ app_begin ] --END-- [ RunTime:0.002708s ]

[ 2016-07-14T14:54:36+08:00 ] 127.0.0.1 /index.php?Login/index
INFO: [ app_init ] --START--
INFO: Run Behavior\BuildLiteBehavior [ RunTime:0.000020s ]
INFO: [ app_init ] --END-- [ RunTime:0.000539s ]
INFO: [ app_begin ] --START--
INFO: Run Behavior\ReadHtmlCacheBehavior [ RunTime:0.000902s ]
INFO: [ app_begin ] --END-- [ RunTime:0.000982s ]

[ 2016-07-14T14:55:02+08:00 ] 127.0.0.1 /index.php?Login/index
INFO: [ app_init ] --START--
INFO: Run Behavior\BuildLiteBehavior [ RunTime:0.000015s ]
INFO: [ app_init ] --END-- [ RunTime:0.000421s ]
INFO: [ app_begin ] --START--
INFO: Run Behavior\ReadHtmlCacheBehavior [ RunTime:0.000585s ]
INFO: [ app_begin ] --END-- [ RunTime:0.000640s ]

[ 2016-07-14T14:55:05+08:00 ] 127.0.0.1 /
INFO: [ app_init ] --START--
INFO: Run Behavior\BuildLiteBehavior [ RunTime:0.000020s ]
INFO: [ app_init ] --END-- [ RunTime:0.000538s ]
INFO: [ app_begin ] --START--
INFO: Run Behavior\ReadHtmlCacheBehavior [ RunTime:0.000971s ]
INFO: [ app_begin ] --END-- [ RunTime:0.001055s ]

[ 2016-07-14T14:55:07+08:00 ] 127.0.0.1 /
INFO: [ app_init ] --START--
INFO: Run Behavior\BuildLiteBehavior [ RunTime:0.000015s ]
INFO: [ app_init ] --END-- [ RunTime:0.000435s ]
INFO: [ app_begin ] --START--
INFO: Run Behavior\ReadHtmlCacheBehavior [ RunTime:0.000717s ]
INFO: [ app_begin ] --END-- [ RunTime:0.000834s ]

[ 2016-07-14T14:55:27+08:00 ] 127.0.0.1 /
INFO: [ app_init ] --START--
INFO: Run Behavior\BuildLiteBehavior [ RunTime:0.000020s ]
INFO: [ app_init ] --END-- [ RunTime:0.000544s ]
INFO: [ app_begin ] --START--
INFO: Run Behavior\ReadHtmlCacheBehavior [ RunTime:0.001103s ]
INFO: [ app_begin ] --END-- [ RunTime:0.001217s ]

[ 2016-07-14T15:25:05+08:00 ] 127.0.0.1 /
INFO: [ app_init ] --START--
INFO: Run Behavior\BuildLiteBehavior [ RunTime:0.000017s ]
INFO: [ app_init ] --END-- [ RunTime:0.000532s ]
INFO: [ app_begin ] --START--
INFO: Run Behavior\ReadHtmlCacheBehavior [ RunTime:0.000975s ]
INFO: [ app_begin ] --END-- [ RunTime:0.001070s ]
ERR: Class Home\Format\FormatIndex does not exist

[ 2016-07-14T15:25:33+08:00 ] 127.0.0.1 /
INFO: [ app_init ] --START--
INFO: Run Behavior\BuildLiteBehavior [ RunTime:0.000017s ]
INFO: [ app_init ] --END-- [ RunTime:0.000468s ]
INFO: [ app_begin ] --START--
INFO: Run Behavior\ReadHtmlCacheBehavior [ RunTime:0.000772s ]
INFO: [ app_begin ] --END-- [ RunTime:0.000833s ]

[ 2016-07-14T15:27:24+08:00 ] 127.0.0.1 /index.php?index/index
INFO: [ app_init ] --START--
INFO: Run Behavior\BuildLiteBehavior [ RunTime:0.000016s ]
INFO: [ app_init ] --END-- [ RunTime:0.000482s ]
INFO: [ app_begin ] --START--
INFO: Run Behavior\ReadHtmlCacheBehavior [ RunTime:0.000781s ]
INFO: [ app_begin ] --END-- [ RunTime:0.000850s ]
SQL: SHOW COLUMNS FROM `al_personal` [ RunTime:0.0551s ]
SQL: SELECT * FROM `al_personal` WHERE ( p_email='111111' ) LIMIT 1   [ RunTime:0.0006s ]

[ 2016-07-14T15:27:35+08:00 ] 127.0.0.1 /index.php?index/index
INFO: [ app_init ] --START--
INFO: Run Behavior\BuildLiteBehavior [ RunTime:0.000021s ]
INFO: [ app_init ] --END-- [ RunTime:0.000602s ]
INFO: [ app_begin ] --START--
INFO: Run Behavior\ReadHtmlCacheBehavior [ RunTime:0.000765s ]
INFO: [ app_begin ] --END-- [ RunTime:0.000826s ]
SQL: SHOW COLUMNS FROM `al_personal` [ RunTime:0.0045s ]
SQL: SELECT * FROM `al_personal` WHERE ( p_email='2528582049@qq.com' ) LIMIT 1   [ RunTime:0.0004s ]

[ 2016-07-14T15:27:44+08:00 ] 127.0.0.1 /index.php?index/index
INFO: [ app_init ] --START--
INFO: Run Behavior\BuildLiteBehavior [ RunTime:0.000016s ]
INFO: [ app_init ] --END-- [ RunTime:0.000440s ]
INFO: [ app_begin ] --START--
INFO: Run Behavior\ReadHtmlCacheBehavior [ RunTime:0.001047s ]
INFO: [ app_begin ] --END-- [ RunTime:0.001140s ]
SQL: SHOW COLUMNS FROM `al_personal` [ RunTime:0.0043s ]
SQL: SELECT * FROM `al_personal` WHERE ( p_email='2528582049@qq.com' ) LIMIT 1   [ RunTime:0.0004s ]

[ 2016-07-14T15:49:57+08:00 ] 127.0.0.1 /index.php?Index/index&user_name=1112&password=1111
INFO: [ app_init ] --START--
INFO: Run Behavior\BuildLiteBehavior [ RunTime:0.000019s ]
INFO: [ app_init ] --END-- [ RunTime:0.000561s ]
INFO: [ app_begin ] --START--
INFO: Run Behavior\ReadHtmlCacheBehavior [ RunTime:0.000625s ]
INFO: [ app_begin ] --END-- [ RunTime:0.000682s ]
SQL: SHOW COLUMNS FROM `al_personal` [ RunTime:0.0037s ]
SQL: SELECT * FROM `al_personal` WHERE ( p_email='1112' ) LIMIT 1   [ RunTime:0.0003s ]

[ 2016-07-14T15:50:39+08:00 ] 127.0.0.1 /index.php?Index/index&user_name=1112&password=1111
INFO: [ app_init ] --START--
INFO: Run Behavior\BuildLiteBehavior [ RunTime:0.000028s ]
INFO: [ app_init ] --END-- [ RunTime:0.000431s ]
INFO: [ app_begin ] --START--
INFO: Run Behavior\ReadHtmlCacheBehavior [ RunTime:0.000910s ]
INFO: [ app_begin ] --END-- [ RunTime:0.000993s ]
SQL: SHOW COLUMNS FROM `al_personal` [ RunTime:0.0038s ]
SQL: SELECT * FROM `al_personal` WHERE ( p_email='1112' ) LIMIT 1   [ RunTime:0.0004s ]

[ 2016-07-14T15:50:43+08:00 ] 127.0.0.1 /index.php?Index/index&user_name=1112&password=1111
INFO: [ app_init ] --START--
INFO: Run Behavior\BuildLiteBehavior [ RunTime:0.000016s ]
INFO: [ app_init ] --END-- [ RunTime:0.000424s ]
INFO: [ app_begin ] --START--
INFO: Run Behavior\ReadHtmlCacheBehavior [ RunTime:0.000710s ]
INFO: [ app_begin ] --END-- [ RunTime:0.000771s ]
SQL: SHOW COLUMNS FROM `al_personal` [ RunTime:0.0042s ]
SQL: SELECT * FROM `al_personal` WHERE ( p_email='1112' ) LIMIT 1   [ RunTime:0.0003s ]

